{"level":"info","message":"Server listening on port 3000"}
{"level":"info","message":"Server listening on port 3000"}
{"level":"info","message":"Solicitud para obtener detalles del ítem con ID: MLA743626587"}
{"level":"info","message":"Detalles del ítem con ID MLA743626587 obtenidos correctamente."}
{"level":"info","message":"Solicitud para obtener detalles del ítem con ID: MLA11"}
{"level":"error","message":"Error al procesar la solicitud: Request failed with status code 404"}
{"level":"info","message":"Server listening on port 3000"}
{"level":"info","message":"Server listening on port 3000"}
{"level":"info","message":"Search request received with query: site: MLA, sort: , limit: 10, offset: 0"}
{"level":"info","message":"Server listening on port 3000"}
{"level":"info","message":"Received x-auth-token: undefined"}
{"level":"warn","message":"Unauthorized access attempt"}
{"level":"info","message":"Server listening on port 3000"}
{"level":"info","message":"Server listening on port 3000"}
{"level":"info","message":"Received x-auth-token: e962f81a-4d42-4eb3-86cd-a25e7237c8dc"}
{"level":"warn","message":"Unauthorized access attempt"}
{"level":"info","message":"Server listening on port 8000"}
{"level":"info","message":"Received x-auth-token: e962f81a-4d42-4eb3-86cd-a25e7237c8dc"}
{"level":"info","message":"Search request received with query: site: MLA, sort: , limit: 10, offset: 0"}
{"level":"info","message":"Server listening on port 3000"}
{"level":"info","message":"Received x-auth-token: e962f81a-4d42-4eb3-86cd-a25e7237c8dc"}
{"level":"warn","message":"Unauthorized access attempt"}
{"level":"info","message":"Server listening on port 8000"}
{"level":"info","message":"Server listening on port 8000"}
{"level":"info","message":"Received x-auth-token: e962f81a-4d42-4eb3-86cd-a25e7237c8dc"}
{"level":"info","message":"Search request received with query: site: MLA, sort: , limit: 10, offset: 0"}
{"level":"info","message":"Server listening on port 3000 in development environment"}
{"level":"info","message":"Server listening on port 3000 in production environment"}
{"level":"info","message":"Server listening on port 3000 in production environment"}
{"level":"info","message":"Server listening on port 3000 in development environment"}
{"level":"info","message":"Server listening on port 3000 in qa environment"}
{"level":"info","message":"Server listening on port 8000"}
{"level":"info","message":"Received x-auth-token: e962f81a-4d42-4eb3-86cd-a25e7237c8dc"}
{"level":"info","message":"Search request received with query: site: MLA, sort: , limit: 10, offset: 0"}
{"level":"info","message":"Received x-auth-token: e962f81a-4d42-4eb3-86cd-a25e7237c8dc"}
{"level":"info","message":"Solicitud para obtener detalles del ítem con ID: MLB743626587"}
{"level":"error","message":"Error al procesar la solicitud: Request failed with status code 404"}
{"level":"info","message":"Received x-auth-token: e962f81a-4d42-4eb3-86cd-a25e7237c8dc"}
{"level":"info","message":"Solicitud para obtener detalles del ítem con ID: MLB155254"}
{"level":"error","message":"Error al procesar la solicitud: Request failed with status code 404"}
{"level":"info","message":"Server listening on port 8000"}
{"level":"info","message":"Received x-auth-token: e962f81a-4d42-4eb3-86cd-a25e7237c8dc"}
{"level":"info","message":"Search request received with x-auth-token: e962f81a-4d42-4eb3-86cd-a25e7237c8dc"}
{"level":"info","message":"Search request received with query: site: MLA, sort: , limit: 10, offset: 0"}
{"level":"info","message":"Received x-auth-token: 55a4639f-55e8-4e14-a6cc-b79977b20a4e"}
{"level":"info","message":"Search request received with x-auth-token: 55a4639f-55e8-4e14-a6cc-b79977b20a4e"}
{"level":"info","message":"Server listening on port 8000"}
{"level":"info","message":"Server listening on port 8000"}
{"level":"info","message":"Received x-auth-token: e962f81a-4d42-4eb3-86cd-a25e7237c8dc"}
{"level":"info","message":"Search request received with x-auth-token: e962f81a-4d42-4eb3-86cd-a25e7237c8dc"}
{"level":"info","message":"Search request received with query: site: MLA, sort: price_desc, limit: 51, offset: 0"}
{"level":"error","message":"Error in search controller: Request failed with status code 400"}
{"level":"info","message":"Received x-auth-token: e962f81a-4d42-4eb3-86cd-a25e7237c8dc"}
{"level":"info","message":"Search request received with x-auth-token: e962f81a-4d42-4eb3-86cd-a25e7237c8dc"}
{"level":"info","message":"Search request received with query: site: MLA, sort: price_desc, limit: 50, offset: 0"}
{"level":"info","message":"Received x-auth-token: e962f81a-4d42-4eb3-86cd-a25e7237c8dc"}
{"level":"info","message":"Search request received with x-auth-token: e962f81a-4d42-4eb3-86cd-a25e7237c8dc"}
{"level":"info","message":"Search request received with query: site: MLA, sort: price_desc, limit: 50, offset: 1"}
{"level":"info","message":"Received x-auth-token: e962f81a-4d42-4eb3-86cd-a25e7237c8dc"}
{"level":"info","message":"Search request received with x-auth-token: e962f81a-4d42-4eb3-86cd-a25e7237c8dc"}
{"level":"info","message":"Search request received with query: site: MLA, sort: price_desc, limit: 50, offset: 2"}
{"level":"info","message":"Server listening on port 8000"}
{"level":"info","message":"Received x-auth-token: e962f81a-4d42-4eb3-86cd-a25e7237c8dc"}
{"level":"info","message":"Search request received with x-auth-token: e962f81a-4d42-4eb3-86cd-a25e7237c8dc"}
{"level":"info","message":"Server listening on port 8000"}
{"level":"info","message":"Server listening on port 8000"}
{"level":"info","message":"Server listening on port 8000"}
{"level":"info","message":"Server listening on port 8000"}
{"level":"info","message":"Received x-auth-token: undefined"}
{"level":"warn","message":"Unauthorized access attempt"}
{"level":"info","message":"Received x-auth-token: e962f81a-4d42-4eb3-86cd-a25e7237c8dc"}
{"level":"info","message":"Search request received with x-auth-token: e962f81a-4d42-4eb3-86cd-a25e7237c8dc"}
{"level":"info","message":"Search request received with query: site: MLA, sort: , limit: 10, offset: 0"}
{"level":"info","message":"Received x-auth-token: 55a4639f-55e8-4e14-a6cc-b79977b20a4e"}
{"level":"info","message":"Search request received with x-auth-token: 55a4639f-55e8-4e14-a6cc-b79977b20a4e"}
{"level":"error","message":"Error processing the request: req.header is not a function"}
{"level":"error","message":"Error in search controller: req.header is not a function"}
{"level":"error","message":"Error in search controller: req.header is not a function"}
{"level":"error","message":"Error processing the request: req.header is not a function"}
{"level":"info","message":"Server listening on port 8000"}
{"level":"info","message":"Received x-auth-token: undefined"}
{"level":"warn","message":"Unauthorized access attempt"}
{"level":"error","message":"Error in search controller: req.header is not a function"}
{"level":"error","message":"Error in search controller: req.header is not a function"}
{"level":"error","message":"Error processing the request: req.header is not a function"}
{"level":"error","message":"Error in search controller: req.header is not a function"}
{"level":"error","message":"Error processing the request: req.header is not a function"}
{"level":"error","message":"Error in search controller: req.header is not a function"}
{"level":"error","message":"Error processing the request: req.header is not a function"}
{"level":"error","message":"Error in search controller: req.header is not a function"}
{"level":"error","message":"Error processing the request: req.header is not a function"}
{"level":"info","message":"Server listening on port 8000"}
{"level":"error","message":"Error in search controller: req.header is not a function"}
{"level":"info","message":"Request to get item details with x-auth-token: undefined"}
{"level":"info","message":"Request to get details of item with ID: ML123123"}
{"level":"info","message":"Details of item with ID ML123123 obtained successfully."}
{"level":"info","message":"Request to get item details with x-auth-token: undefined"}
{"level":"info","message":"Request to get details of item with ID: ML404"}
{"level":"error","message":"Error processing the request: Request failed with status code 404"}
{"level":"info","message":"Request to get item details with x-auth-token: undefined"}
{"level":"info","message":"Request to get details of item with ID: ML123123"}
{"level":"info","message":"Details of item with ID ML123123 obtained successfully."}
{"level":"info","message":"Request to get item details with x-auth-token: undefined"}
{"level":"info","message":"Request to get details of item with ID: ML404"}
{"level":"error","message":"Error processing the request: Request failed with status code 404"}
{"level":"info","message":"Search request received with x-auth-token: undefined"}
{"level":"info","message":"Request to get item details with x-auth-token: undefined"}
{"level":"info","message":"Search request received with query: site: MLA, sort: , limit: 5, offset: 0"}
{"level":"error","message":"Error in search controller: Request failed with status code 404"}
{"level":"info","message":"Request to get details of item with ID: ML123123"}
{"level":"info","message":"Details of item with ID ML123123 obtained successfully."}
{"level":"info","message":"Request to get item details with x-auth-token: undefined"}
{"level":"info","message":"Request to get details of item with ID: ML404"}
{"level":"error","message":"Error processing the request: Request failed with status code 404"}
{"level":"info","message":"Received x-auth-token: e962f81a-4d42-4eb3-86cd-a25e7237c8dc"}
{"level":"info","message":"Search request received with x-auth-token: e962f81a-4d42-4eb3-86cd-a25e7237c8dc"}
{"level":"info","message":"Search request received with query: site: MLA, sort: , limit: 10, offset: 0"}
{"level":"info","message":"Search request received with x-auth-token: undefined"}
{"level":"info","message":"Request to get item details with x-auth-token: undefined"}
{"level":"info","message":"Search request received with query: site: MLA, sort: , limit: 5, offset: 0"}
{"level":"error","message":"Error in search controller: Request failed with status code 404"}
{"level":"info","message":"Request to get details of item with ID: ML123123"}
{"level":"info","message":"Details of item with ID ML123123 obtained successfully."}
{"level":"info","message":"Request to get item details with x-auth-token: undefined"}
{"level":"info","message":"Request to get details of item with ID: ML404"}
{"level":"error","message":"Error processing the request: Request failed with status code 404"}
{"level":"info","message":"Received x-auth-token: e962f81a-4d42-4eb3-86cd-a25e7237c8dc"}
{"level":"info","message":"Request to get item details with x-auth-token: e962f81a-4d42-4eb3-86cd-a25e7237c8dc"}
{"level":"info","message":"Request to get details of item with ID: MLA794706391"}
{"level":"info","message":"Details of item with ID MLA794706391 obtained successfully."}
{"level":"info","message":"Search request received with x-auth-token: undefined"}
{"level":"info","message":"Request to get item details with x-auth-token: undefined"}
{"level":"info","message":"Search request received with query: site: MLA, sort: , limit: 5, offset: 0"}
{"level":"error","message":"Error in search controller: Request failed with status code 404"}
{"level":"info","message":"Request to get details of item with ID: ML123123"}
{"level":"info","message":"Details of item with ID ML123123 obtained successfully."}
{"level":"info","message":"Request to get item details with x-auth-token: undefined"}
{"level":"info","message":"Request to get details of item with ID: ML404"}
{"level":"error","message":"Error processing the request: Request failed with status code 404"}
{"level":"info","message":"Search request received with x-auth-token: undefined"}
{"level":"info","message":"Request to get item details with x-auth-token: undefined"}
{"level":"info","message":"Search request received with query: site: MLA, sort: , limit: 5, offset: 0"}
{"level":"error","message":"Error in search controller: Request failed with status code 404"}
{"level":"info","message":"Request to get details of item with ID: ML123123"}
{"level":"info","message":"Search request received with x-auth-token: invalid_token"}
{"level":"info","message":"Details of item with ID ML123123 obtained successfully."}
{"level":"info","message":"Request to get item details with x-auth-token: undefined"}
{"level":"info","message":"Request to get details of item with ID: ML404"}
{"level":"error","message":"Error processing the request: Request failed with status code 404"}
{"level":"error","message":"Error in search controller: req.header is not a function"}
{"level":"info","message":"Request to get item details with x-auth-token: undefined"}
{"level":"error","message":"Error in search controller: req.header is not a function"}
{"level":"error","message":"Error in search controller: req.header is not a function"}
{"level":"info","message":"Request to get details of item with ID: ML123123"}
{"level":"info","message":"Details of item with ID ML123123 obtained successfully."}
{"level":"info","message":"Request to get item details with x-auth-token: undefined"}
{"level":"info","message":"Request to get details of item with ID: ML404"}
{"level":"error","message":"Error processing the request: Request failed with status code 404"}
{"level":"info","message":"Received x-auth-token: e962f81a-4d42-4eb3-86cd-a25e7237c8dc"}
{"level":"info","message":"Search request received with x-auth-token: e962f81a-4d42-4eb3-86cd-a25e7237c8dc"}
{"level":"info","message":"Search request received with query: site: MLA, sort: , limit: 10, offset: 0"}
{"level":"info","message":"Received x-auth-token: e962f81a-4d42-4eb3-86cd-a25e7237c8dc"}
{"level":"info","message":"Search request received with x-auth-token: e962f81a-4d42-4eb3-86cd-a25e7237c8dc"}
{"level":"info","message":"Search request received with query: site: MLA, sort: , limit: 10, offset: 0"}
{"level":"error","message":"Error in search controller: req.header is not a function"}
{"level":"info","message":"Request to get item details with x-auth-token: undefined"}
{"level":"error","message":"Error in search controller: req.header is not a function"}
{"level":"error","message":"Error in search controller: req.header is not a function"}
{"level":"info","message":"Request to get details of item with ID: ML123123"}
{"level":"info","message":"Details of item with ID ML123123 obtained successfully."}
{"level":"info","message":"Request to get item details with x-auth-token: undefined"}
{"level":"info","message":"Request to get details of item with ID: ML404"}
{"level":"error","message":"Error processing the request: Request failed with status code 404"}
{"level":"info","message":"Search request received with x-auth-token: undefined"}
{"level":"info","message":"Request to get item details with x-auth-token: undefined"}
{"level":"info","message":"Search request received with query: site: MLA, sort: , limit: 10, offset: 0"}
{"level":"info","message":"Request to get details of item with ID: ML123123"}
{"level":"info","message":"Details of item with ID ML123123 obtained successfully."}
{"level":"info","message":"Request to get item details with x-auth-token: undefined"}
{"level":"info","message":"Request to get details of item with ID: ML404"}
{"level":"error","message":"Error processing the request: Request failed with status code 404"}
{"level":"info","message":"Search request received with x-auth-token: undefined"}
{"level":"info","message":"Request to get item details with x-auth-token: undefined"}
{"level":"info","message":"Search request received with query: site: MLA, sort: , limit: 10, offset: 0"}
{"level":"info","message":"Search request received with x-auth-token: invalid_token"}
{"level":"info","message":"Search request received with x-auth-token: undefined"}
{"level":"info","message":"Search request received with query: site: MLA, sort: , limit: 10, offset: 0"}
{"level":"error","message":"Error in search controller: Axios error"}
{"level":"info","message":"Request to get details of item with ID: ML123123"}
{"level":"info","message":"Details of item with ID ML123123 obtained successfully."}
{"level":"info","message":"Request to get item details with x-auth-token: undefined"}
{"level":"info","message":"Request to get details of item with ID: ML404"}
{"level":"error","message":"Error processing the request: Request failed with status code 404"}
{"level":"info","message":"Search request received with x-auth-token: undefined"}
{"level":"info","message":"Request to get item details with x-auth-token: undefined"}
{"level":"info","message":"Search request received with query: site: MLA, sort: , limit: 10, offset: 0"}
{"level":"info","message":"Search request received with x-auth-token: invalid_token"}
{"level":"info","message":"Search request received with x-auth-token: undefined"}
{"level":"info","message":"Search request received with query: site: MLA, sort: , limit: 10, offset: 0"}
{"level":"error","message":"Error in search controller: Axios error"}
{"level":"info","message":"Request to get details of item with ID: ML123123"}
{"level":"info","message":"Details of item with ID ML123123 obtained successfully."}
{"level":"info","message":"Request to get item details with x-auth-token: undefined"}
{"level":"info","message":"Request to get details of item with ID: ML404"}
{"level":"error","message":"Error processing the request: Request failed with status code 404"}
{"level":"info","message":"Search request received with x-auth-token: undefined"}
{"level":"info","message":"Request to get item details with x-auth-token: undefined"}
{"level":"info","message":"Search request received with query: site: MLA, sort: , limit: 10, offset: 0"}
{"level":"info","message":"Search request received with x-auth-token: undefined"}
{"level":"error","message":"Error in search controller: Cannot read properties of undefined (reading 'q')"}
{"level":"info","message":"Search request received with x-auth-token: invalid_token"}
{"level":"info","message":"Search request received with x-auth-token: undefined"}
{"level":"info","message":"Search request received with query: site: MLA, sort: , limit: 10, offset: 0"}
{"level":"error","message":"Error in search controller: Axios error"}
{"level":"info","message":"Request to get details of item with ID: ML123123"}
{"level":"info","message":"Details of item with ID ML123123 obtained successfully."}
{"level":"info","message":"Request to get item details with x-auth-token: undefined"}
{"level":"info","message":"Request to get details of item with ID: ML404"}
{"level":"error","message":"Error processing the request: Request failed with status code 404"}
{"level":"info","message":"Request to get item details with x-auth-token: undefined"}
{"level":"info","message":"Request to get details of item with ID: ML123123"}
{"level":"info","message":"Details of item with ID ML123123 obtained successfully."}
{"level":"info","message":"Request to get item details with x-auth-token: undefined"}
{"level":"info","message":"Request to get details of item with ID: ML404"}
{"level":"error","message":"Error processing the request: Request failed with status code 404"}
{"level":"info","message":"Request to get item details with x-auth-token: undefined"}
{"level":"info","message":"Search request received with x-auth-token: undefined"}
{"level":"info","message":"Request to get details of item with ID: ML123123"}
{"level":"info","message":"Details of item with ID ML123123 obtained successfully."}
{"level":"info","message":"Request to get item details with x-auth-token: undefined"}
{"level":"info","message":"Request to get details of item with ID: ML404"}
{"level":"error","message":"Error processing the request: Request failed with status code 404"}
{"level":"info","message":"Search request received with query: site: MLA, sort: , limit: 10, offset: 0"}
{"level":"info","message":"Search request received with x-auth-token: invalid_token"}
{"level":"info","message":"Search request received with x-auth-token: undefined"}
{"level":"info","message":"Search request received with query: site: MLA, sort: , limit: 10, offset: 0"}
{"level":"error","message":"Error in search controller: Axios error"}
{"level":"info","message":"Search request received with x-auth-token: undefined"}
{"level":"info","message":"Request to get item details with x-auth-token: undefined"}
{"level":"info","message":"Search request received with query: site: MLA, sort: , limit: 10, offset: 0"}
{"level":"info","message":"Search request received with x-auth-token: undefined"}
{"level":"error","message":"Error in search controller: Cannot read properties of undefined (reading 'q')"}
{"level":"info","message":"Search request received with x-auth-token: invalid_token"}
{"level":"info","message":"Search request received with x-auth-token: undefined"}
{"level":"info","message":"Search request received with query: site: MLA, sort: , limit: 10, offset: 0"}
{"level":"error","message":"Error in search controller: Axios error"}
{"level":"info","message":"Request to get details of item with ID: ML123123"}
{"level":"info","message":"Details of item with ID ML123123 obtained successfully."}
{"level":"info","message":"Request to get item details with x-auth-token: undefined"}
{"level":"info","message":"Request to get details of item with ID: ML404"}
{"level":"error","message":"Error processing the request: Request failed with status code 404"}
{"level":"info","message":"Search request received with x-auth-token: undefined"}
{"level":"info","message":"Request to get item details with x-auth-token: undefined"}
{"level":"info","message":"Search request received with query: site: MLA, sort: , limit: 10, offset: 0"}
{"level":"info","message":"Search request received with x-auth-token: undefined"}
{"level":"info","message":"Request to get details of item with ID: ML123123"}
{"level":"error","message":"Error in search controller: Cannot read properties of undefined (reading 'q')"}
{"level":"info","message":"Details of item with ID ML123123 obtained successfully."}
{"level":"info","message":"Request to get item details with x-auth-token: undefined"}
{"level":"info","message":"Search request received with x-auth-token: invalid_token"}
{"level":"info","message":"Request to get details of item with ID: ML404"}
{"level":"info","message":"Search request received with x-auth-token: undefined"}
{"level":"error","message":"Error processing the request: Request failed with status code 404"}
{"level":"info","message":"Search request received with query: site: MLA, sort: , limit: 10, offset: 0"}
{"level":"error","message":"Error in search controller: Axios error"}
{"level":"info","message":"Search request received with x-auth-token: undefined"}
{"level":"info","message":"Request to get item details with x-auth-token: undefined"}
{"level":"error","message":"Error in search controller: Cannot read properties of undefined (reading 'q')"}
{"level":"info","message":"Search request received with x-auth-token: invalid_token"}
{"level":"info","message":"Search request received with x-auth-token: undefined"}
{"level":"info","message":"Search request received with query: site: MLA, sort: , limit: 10, offset: 0"}
{"level":"error","message":"Error in search controller: Axios error"}
{"level":"info","message":"Request to get details of item with ID: ML123123"}
{"level":"info","message":"Details of item with ID ML123123 obtained successfully."}
{"level":"info","message":"Request to get item details with x-auth-token: undefined"}
{"level":"info","message":"Request to get details of item with ID: ML404"}
{"level":"error","message":"Error processing the request: Request failed with status code 404"}
{"level":"info","message":"Search request received with x-auth-token: undefined"}
{"level":"info","message":"Request to get item details with x-auth-token: undefined"}
{"level":"info","message":"Search request received with query: site: MLA, sort: , limit: 10, offset: 0"}
{"level":"info","message":"Search request received with x-auth-token: undefined"}
{"level":"error","message":"Error in search controller: Cannot read properties of undefined (reading 'q')"}
{"level":"info","message":"Request to get details of item with ID: ML123123"}
{"level":"info","message":"Search request received with x-auth-token: invalid_token"}
{"level":"info","message":"Details of item with ID ML123123 obtained successfully."}
{"level":"info","message":"Search request received with x-auth-token: undefined"}
{"level":"info","message":"Request to get item details with x-auth-token: undefined"}
{"level":"info","message":"Search request received with query: site: MLA, sort: , limit: 10, offset: 0"}
{"level":"info","message":"Request to get details of item with ID: ML404"}
{"level":"error","message":"Error in search controller: Axios error"}
{"level":"error","message":"Error processing the request: Request failed with status code 404"}
{"level":"info","message":"Search request received with x-auth-token: undefined"}
{"level":"info","message":"Request to get item details with x-auth-token: undefined"}
{"level":"info","message":"Search request received with query: site: MLA, sort: , limit: 10, offset: 0"}
{"level":"info","message":"Search request received with x-auth-token: invalid_token"}
{"level":"info","message":"Search request received with x-auth-token: undefined"}
{"level":"info","message":"Search request received with query: site: MLA, sort: , limit: 10, offset: 0"}
{"level":"error","message":"Error in search controller: Axios error"}
{"level":"info","message":"Request to get details of item with ID: ML123123"}
{"level":"info","message":"Details of item with ID ML123123 obtained successfully."}
{"level":"info","message":"Request to get item details with x-auth-token: undefined"}
{"level":"info","message":"Request to get details of item with ID: ML404"}
{"level":"error","message":"Error processing the request: Request failed with status code 404"}
{"level":"info","message":"Request to get item details with x-auth-token: undefined"}
{"level":"info","message":"Request to get details of item with ID: ML123123"}
{"level":"info","message":"Details of item with ID ML123123 obtained successfully."}
{"level":"info","message":"Request to get item details with x-auth-token: undefined"}
{"level":"info","message":"Request to get details of item with ID: ML404"}
{"level":"error","message":"Error processing the request: Request failed with status code 404"}
{"level":"info","message":"Search request received with x-auth-token: undefined"}
{"level":"info","message":"Search request received with query: site: MLA, sort: , limit: 10, offset: 0"}
{"level":"info","message":"Search request received with x-auth-token: invalid_token"}
{"level":"info","message":"Search request received with x-auth-token: undefined"}
{"level":"info","message":"Search request received with query: site: MLA, sort: , limit: 10, offset: 0"}
{"level":"error","message":"Error in search controller: Axios error"}
{"level":"info","message":"Search request received with x-auth-token: undefined"}
{"level":"info","message":"Search request received with query: site: MLA, sort: , limit: 10, offset: 0"}
{"level":"info","message":"Search request received with x-auth-token: invalid_token"}
{"level":"info","message":"Search request received with x-auth-token: undefined"}
{"level":"info","message":"Search request received with query: site: MLA, sort: , limit: 10, offset: 0"}
{"level":"error","message":"Error in search controller: Axios error"}
{"level":"info","message":"Request to get item details with x-auth-token: undefined"}
{"level":"info","message":"Request to get details of item with ID: ML123123"}
{"level":"info","message":"Details of item with ID ML123123 obtained successfully."}
{"level":"info","message":"Request to get item details with x-auth-token: undefined"}
{"level":"info","message":"Request to get details of item with ID: ML404"}
{"level":"error","message":"Error processing the request: Request failed with status code 404"}
{"level":"info","message":"Request to get item details with x-auth-token: undefined"}
{"level":"info","message":"Search request received with x-auth-token: undefined"}
{"level":"info","message":"Request to get details of item with ID: ML123123"}
{"level":"info","message":"Search request received with query: site: MLA, sort: , limit: 10, offset: 0"}
{"level":"info","message":"Details of item with ID ML123123 obtained successfully."}
{"level":"info","message":"Request to get item details with x-auth-token: undefined"}
{"level":"info","message":"Request to get details of item with ID: ML404"}
{"level":"info","message":"Search request received with x-auth-token: invalid_token"}
{"level":"error","message":"Error processing the request: Request failed with status code 404"}
{"level":"info","message":"Search request received with x-auth-token: undefined"}
{"level":"info","message":"Search request received with query: site: MLA, sort: , limit: 10, offset: 0"}
{"level":"error","message":"Error in search controller: Axios error"}
{"level":"info","message":"Request to get item details with x-auth-token: undefined"}
{"level":"info","message":"Search request received with x-auth-token: undefined"}
{"level":"info","message":"Request to get details of item with ID: ML123123"}
{"level":"info","message":"Details of item with ID ML123123 obtained successfully."}
{"level":"info","message":"Request to get item details with x-auth-token: undefined"}
{"level":"info","message":"Request to get details of item with ID: ML404"}
{"level":"error","message":"Error processing the request: Request failed with status code 404"}
{"level":"info","message":"Request to get item details with x-auth-token: undefined"}
{"level":"info","message":"Request to get details of item with ID: ML123123"}
{"level":"error","message":"Error processing the request: Network Error"}
{"level":"info","message":"Search request received with query: site: MLA, sort: , limit: 10, offset: 0"}
{"level":"info","message":"Search request received with x-auth-token: invalid_token"}
{"level":"info","message":"Search request received with x-auth-token: undefined"}
{"level":"info","message":"Search request received with query: site: MLA, sort: , limit: 10, offset: 0"}
{"level":"error","message":"Error in search controller: Axios error"}
{"level":"info","message":"Request to get item details with x-auth-token: undefined"}
{"level":"info","message":"Search request received with x-auth-token: undefined"}
{"level":"info","message":"Request to get details of item with ID: ML123123"}
{"level":"info","message":"Details of item with ID ML123123 obtained successfully."}
{"level":"info","message":"Request to get item details with x-auth-token: undefined"}
{"level":"info","message":"Request to get details of item with ID: ML404"}
{"level":"error","message":"Error processing the request: Request failed with status code 404"}
{"level":"info","message":"Request to get item details with x-auth-token: undefined"}
{"level":"info","message":"Request to get details of item with ID: ML123123"}
{"level":"error","message":"Error processing the request: Cannot read properties of undefined (reading 'free_shipping')"}
{"level":"info","message":"Search request received with query: site: MLA, sort: , limit: 10, offset: 0"}
{"level":"info","message":"Search request received with x-auth-token: invalid_token"}
{"level":"info","message":"Search request received with x-auth-token: undefined"}
{"level":"info","message":"Search request received with query: site: MLA, sort: , limit: 10, offset: 0"}
{"level":"error","message":"Error in search controller: Axios error"}
{"level":"info","message":"Request to get item details with x-auth-token: undefined"}
{"level":"info","message":"Search request received with x-auth-token: undefined"}
{"level":"info","message":"Request to get details of item with ID: ML123123"}
{"level":"info","message":"Details of item with ID ML123123 obtained successfully."}
{"level":"info","message":"Request to get item details with x-auth-token: undefined"}
{"level":"info","message":"Request to get details of item with ID: ML404"}
{"level":"error","message":"Error processing the request: Request failed with status code 404"}
{"level":"info","message":"Search request received with query: site: MLA, sort: , limit: 10, offset: 0"}
{"level":"info","message":"Search request received with x-auth-token: invalid_token"}
{"level":"info","message":"Search request received with x-auth-token: undefined"}
{"level":"info","message":"Search request received with query: site: MLA, sort: , limit: 10, offset: 0"}
{"level":"error","message":"Error in search controller: Axios error"}
{"level":"info","message":"Request to get item details with x-auth-token: undefined"}
{"level":"info","message":"Search request received with x-auth-token: undefined"}
{"level":"info","message":"Request to get details of item with ID: ML123123"}
{"level":"info","message":"Details of item with ID ML123123 obtained successfully."}
{"level":"info","message":"Request to get item details with x-auth-token: undefined"}
{"level":"info","message":"Request to get details of item with ID: ML404"}
{"level":"error","message":"Error processing the request: Request failed with status code 404"}
{"level":"info","message":"Search request received with query: site: MLA, sort: , limit: 10, offset: 0"}
{"level":"info","message":"Search request received with x-auth-token: invalid_token"}
{"level":"info","message":"Search request received with x-auth-token: undefined"}
{"level":"info","message":"Search request received with query: site: MLA, sort: , limit: 10, offset: 0"}
{"level":"error","message":"Error in search controller: Axios error"}
{"level":"info","message":"Request to get item details with x-auth-token: undefined"}
{"level":"info","message":"Search request received with x-auth-token: undefined"}
{"level":"info","message":"Request to get details of item with ID: ML123123"}
{"level":"info","message":"Search request received with query: site: MLA, sort: , limit: 10, offset: 0"}
{"level":"info","message":"Details of item with ID ML123123 obtained successfully."}
{"level":"info","message":"Search request received with x-auth-token: invalid_token"}
{"level":"info","message":"Request to get item details with x-auth-token: undefined"}
{"level":"info","message":"Search request received with x-auth-token: undefined"}
{"level":"info","message":"Request to get details of item with ID: ML404"}
{"level":"info","message":"Search request received with query: site: MLA, sort: , limit: 10, offset: 0"}
{"level":"error","message":"Error in search controller: Axios error"}
{"level":"error","message":"Error processing the request: Request failed with status code 404"}
{"level":"info","message":"Request to get item details with x-auth-token: undefined"}
{"level":"info","message":"Request to get details of item with ID: ML123123"}
{"level":"error","message":"Error processing the request: Cannot read properties of undefined (reading 'status')"}
{"level":"info","message":"Request to get item details with x-auth-token: undefined"}
{"level":"info","message":"Search request received with x-auth-token: undefined"}
{"level":"info","message":"Request to get details of item with ID: ML123123"}
{"level":"info","message":"Details of item with ID ML123123 obtained successfully."}
{"level":"info","message":"Request to get item details with x-auth-token: undefined"}
{"level":"info","message":"Request to get details of item with ID: ML404"}
{"level":"error","message":"Error processing the request: Request failed with status code 404"}
{"level":"info","message":"Request to get item details with x-auth-token: undefined"}
{"level":"info","message":"Request to get details of item with ID: ML123123"}
{"level":"error","message":"Error processing the request: Request failed with status code 500"}
{"level":"info","message":"Search request received with query: site: MLA, sort: , limit: 10, offset: 0"}
{"level":"info","message":"Search request received with x-auth-token: invalid_token"}
{"level":"info","message":"Search request received with x-auth-token: undefined"}
{"level":"info","message":"Search request received with query: site: MLA, sort: , limit: 10, offset: 0"}
{"level":"error","message":"Error in search controller: Axios error"}
{"level":"info","message":"Request to get item details with x-auth-token: undefined"}
{"level":"info","message":"Search request received with x-auth-token: undefined"}
{"level":"info","message":"Request to get details of item with ID: ML123123"}
{"level":"info","message":"Details of item with ID ML123123 obtained successfully."}
{"level":"info","message":"Request to get item details with x-auth-token: undefined"}
{"level":"info","message":"Request to get details of item with ID: ML404"}
{"level":"error","message":"Error processing the request: Request failed with status code 404"}
{"level":"info","message":"Request to get item details with x-auth-token: undefined"}
{"level":"info","message":"Request to get details of item with ID: ML123123"}
{"level":"error","message":"Error processing the request: Request failed with status code 500"}
{"level":"info","message":"Search request received with query: site: MLA, sort: , limit: 10, offset: 0"}
{"level":"info","message":"Search request received with x-auth-token: invalid_token"}
{"level":"info","message":"Search request received with x-auth-token: undefined"}
{"level":"info","message":"Search request received with query: site: MLA, sort: , limit: 10, offset: 0"}
{"level":"error","message":"Error in search controller: Axios error"}
